<?xml version="1.0" encoding="UTF-8"?>
<testsuite xmlns:xsi="http://www.w3.org/2001/XMLSchema-instance" xsi:noNamespaceSchemaLocation="https://maven.apache.org/surefire/maven-surefire-plugin/xsd/surefire-test-report-3.0.xsd" version="3.0" name="com.test.teste.TesteApplicationTests" time="8.925" tests="1" errors="0" skipped="0" failures="0">
  <properties>
[...]
</properties>
  <testcase name="contextLoads" classname="com.test.teste.TesteApplicationTests" time="0.782">
    <system-out><![CDATA[
  .   ____          _            __ _ _
 /\\ / ___'_ __ _ _(_)_ __  __ _ \ \ \ \
( ( )\___ | '_ | '_| | '_ \/ _` | \ \ \ \
 \\/  ___)| |_)| | | | | || (_| |  ) ) ) )
  '  |____| .__|_| |_|_| |_\__, | / / / /
 =========|_|==============|___/=/_/_/_/
 :: Spring Boot ::                (v3.1.5)

2023-12-31T19:25:57.582-03:00  INFO 30534 --- [           main] com.test.teste.TesteApplicationTests     : Starting TesteApplicationTests using Java 17.0.9 with PID 30534 (started by mayra in /home/mayra/Documentos/Backup/TriviaGame v0.1/Trivia-Game-Spring-248563eeb199e02a8a197d388c63387f0c5a548d)
2023-12-31T19:25:57.585-03:00  INFO 30534 --- [           main] com.test.teste.TesteApplicationTests     : No active profile set, falling back to 1 default profile: "default"
2023-12-31T19:25:59.034-03:00  INFO 30534 --- [           main] .s.d.r.c.RepositoryConfigurationDelegate : Bootstrapping Spring Data JPA repositories in DEFAULT mode.
2023-12-31T19:25:59.118-03:00  INFO 30534 --- [           main] .s.d.r.c.RepositoryConfigurationDelegate : Finished Spring Data repository scanning in 72 ms. Found 4 JPA repository interfaces.
2023-12-31T19:26:00.239-03:00  INFO 30534 --- [           main] o.hibernate.jpa.internal.util.LogHelper  : HHH000204: Processing PersistenceUnitInfo [name: default]
2023-12-31T19:26:00.391-03:00  INFO 30534 --- [           main] org.hibernate.Version                    : HHH000412: Hibernate ORM core version 6.2.13.Final
2023-12-31T19:26:00.412-03:00  INFO 30534 --- [           main] org.hibernate.cfg.Environment            : HHH000406: Using bytecode reflection optimizer
2023-12-31T19:26:00.907-03:00  INFO 30534 --- [           main] o.s.o.j.p.SpringPersistenceUnitInfo      : No LoadTimeWeaver setup: ignoring JPA class transformer
2023-12-31T19:26:00.932-03:00  INFO 30534 --- [           main] com.zaxxer.hikari.HikariDataSource       : HikariPool-1 - Starting...
2023-12-31T19:26:01.271-03:00  INFO 30534 --- [           main] com.zaxxer.hikari.pool.HikariPool        : HikariPool-1 - Added connection com.mysql.cj.jdbc.ConnectionImpl@53525379
2023-12-31T19:26:01.273-03:00  INFO 30534 --- [           main] com.zaxxer.hikari.HikariDataSource       : HikariPool-1 - Start completed.
2023-12-31T19:26:01.488-03:00  WARN 30534 --- [           main] org.hibernate.orm.deprecation            : HHH90000025: MySQLDialect does not need to be specified explicitly using 'hibernate.dialect' (remove the property setting and it will be selected by default)
2023-12-31T19:26:02.598-03:00  INFO 30534 --- [           main] o.h.e.t.j.p.i.JtaPlatformInitiator       : HHH000489: No JTA platform available (set 'hibernate.transaction.jta.platform' to enable JTA platform integration)
2023-12-31T19:26:02.642-03:00  INFO 30534 --- [           main] j.LocalContainerEntityManagerFactoryBean : Initialized JPA EntityManagerFactory for persistence unit 'default'
2023-12-31T19:26:02.760-03:00  WARN 30534 --- [           main] .s.s.UserDetailsServiceAutoConfiguration : 

Using generated security password: ca9c4708-2faf-4e1b-81f0-a12dd8e98bf5

This generated password is for development use only. Your security configuration must be updated before running your application in production.

2023-12-31T19:26:03.072-03:00  INFO 30534 --- [           main] o.s.s.web.DefaultSecurityFilterChain     : Will secure any request with [org.springframework.security.web.session.DisableEncodeUrlFilter@79a92277, org.springframework.security.web.context.request.async.WebAsyncManagerIntegrationFilter@7712df76, org.springframework.security.web.context.SecurityContextHolderFilter@3f919230, org.springframework.security.web.header.HeaderWriterFilter@4f571c0e, org.springframework.web.filter.CorsFilter@e98adb2, org.springframework.security.web.csrf.CsrfFilter@3fc7abf6, org.springframework.security.web.authentication.logout.LogoutFilter@613ba54e, org.springframework.security.web.authentication.UsernamePasswordAuthenticationFilter@677d4cea, org.springframework.security.web.authentication.ui.DefaultLoginPageGeneratingFilter@66c32e15, org.springframework.security.web.authentication.ui.DefaultLogoutPageGeneratingFilter@2c3d0ff8, org.springframework.security.web.authentication.www.BasicAuthenticationFilter@5cca5ff3, org.springframework.security.web.savedrequest.RequestCacheAwareFilter@21251e43, org.springframework.security.web.servletapi.SecurityContextHolderAwareRequestFilter@1f7949dc, org.springframework.security.web.authentication.AnonymousAuthenticationFilter@1cb73a92, org.springframework.security.web.access.ExceptionTranslationFilter@5b3c2a9f, org.springframework.security.web.access.intercept.AuthorizationFilter@74070994]
2023-12-31T19:26:03.963-03:00  WARN 30534 --- [           main] o.thymeleaf.templatemode.TemplateMode    : [THYMELEAF][main] Unknown Template Mode 'DEBUG'. Must be one of: 'HTML', 'XML', 'TEXT', 'JAVASCRIPT', 'CSS', 'RAW'. Using default Template Mode 'HTML'.
2023-12-31T19:26:04.241-03:00  INFO 30534 --- [           main] o.s.b.a.e.web.EndpointLinksResolver      : Exposing 1 endpoint(s) beneath base path '/actuator'
2023-12-31T19:26:04.325-03:00  INFO 30534 --- [           main] com.test.teste.TesteApplicationTests     : Started TesteApplicationTests in 7.504 seconds (process running for 8.617)
]]></system-out>
  </testcase>
</testsuite>